  소스.cpp
C:\Users\Cju\Documents\GitHub\24.1\배열예제1\소스.cpp(6,29): warning C4018: '<': signed 또는 unsigned가 일치하지 않습니다.
C:\Users\Cju\Documents\GitHub\24.1\배열예제1\소스.cpp(15,29): warning C4018: '<': signed 또는 unsigned가 일치하지 않습니다.
C:\Users\Cju\Documents\GitHub\24.1\배열예제1\소스.cpp(17,24): error C2065: 'dRes': 선언되지 않은 식별자입니다.
C:\Users\Cju\Documents\GitHub\24.1\배열예제1\소스.cpp(18,4): error C2065: 'dRes': 선언되지 않은 식별자입니다.
C:\Users\Cju\Documents\GitHub\24.1\배열예제1\소스.cpp(20,9): error C2065: 'dRes': 선언되지 않은 식별자입니다.
C:\Users\Cju\Documents\GitHub\24.1\배열예제1\소스.cpp(25,16): error C2065: 'pDinput': 선언되지 않은 식별자입니다.
C:\Users\Cju\Documents\GitHub\24.1\배열예제1\소스.cpp(26,29): warning C4018: '<': signed 또는 unsigned가 일치하지 않습니다.
C:\Users\Cju\Documents\GitHub\24.1\배열예제1\소스.cpp(47,10): warning C4477: 'printf' : 서식 문자열 '%u'에 'unsigned int' 형식의 인수가 필요하지만 variadic 인수 2의 형식이 'double *'입니다.
C:\Users\Cju\Documents\GitHub\24.1\배열예제1\소스.cpp(47,10): warning C4313: 'printf': 서식 문자열의 '%u'이(가) double *' 형식의 인수 2과(와) 충돌합니다.
C:\Users\Cju\Documents\GitHub\24.1\배열예제1\소스.cpp(55,10): warning C4477: 'printf' : 서식 문자열 '%u'에 'unsigned int' 형식의 인수가 필요하지만 variadic 인수 2의 형식이 'double *'입니다.
C:\Users\Cju\Documents\GitHub\24.1\배열예제1\소스.cpp(55,10): warning C4313: 'printf': 서식 문자열의 '%u'이(가) double *' 형식의 인수 2과(와) 충돌합니다.
C:\Users\Cju\Documents\GitHub\24.1\배열예제1\소스.cpp(56,10): warning C4477: 'printf' : 서식 문자열 '%u'에 'unsigned int' 형식의 인수가 필요하지만 variadic 인수 2의 형식이 'double *'입니다.
C:\Users\Cju\Documents\GitHub\24.1\배열예제1\소스.cpp(56,10): warning C4313: 'printf': 서식 문자열의 '%u'이(가) double *' 형식의 인수 2과(와) 충돌합니다.
C:\Users\Cju\Documents\GitHub\24.1\배열예제1\소스.cpp(56,10): warning C4477: 'printf' : 서식 문자열 '%.4lf'에 'double' 형식의 인수가 필요하지만 variadic 인수 3의 형식이 'double *'입니다.
C:\Users\Cju\Documents\GitHub\24.1\배열예제1\소스.cpp(56,53): error C2059: 구문 오류: ')'
C:\Users\Cju\Documents\GitHub\24.1\배열예제1\소스.cpp(57,10): warning C4477: 'printf' : 서식 문자열 '%u'에 'unsigned int' 형식의 인수가 필요하지만 variadic 인수 2의 형식이 'double *'입니다.
C:\Users\Cju\Documents\GitHub\24.1\배열예제1\소스.cpp(57,10): warning C4313: 'printf': 서식 문자열의 '%u'이(가) double *' 형식의 인수 2과(와) 충돌합니다.
C:\Users\Cju\Documents\GitHub\24.1\배열예제1\소스.cpp(58,10): warning C4477: 'printf' : 서식 문자열 '%u'에 'unsigned int' 형식의 인수가 필요하지만 variadic 인수 2의 형식이 'double *'입니다.
C:\Users\Cju\Documents\GitHub\24.1\배열예제1\소스.cpp(58,10): warning C4313: 'printf': 서식 문자열의 '%u'이(가) double *' 형식의 인수 2과(와) 충돌합니다.
C:\Users\Cju\Documents\GitHub\24.1\배열예제1\소스.cpp(58,10): warning C4477: 'printf' : 서식 문자열 '%.4lf'에 'double' 형식의 인수가 필요하지만 variadic 인수 3의 형식이 'double *'입니다.
C:\Users\Cju\Documents\GitHub\24.1\배열예제1\소스.cpp(58,55): error C2059: 구문 오류: ')'
